<?xml version="1.0" encoding="UTF-8"?>
<!-- Generated by org.testng.reporters.JUnitXMLReporter -->
<testsuite hostname="MOMDADGIFT-PC" ignored="0" name="Default test" tests="3" failures="0" timestamp="07 Apr 2018 05:07:48 GMT" time="7.052" errors="0">
  <testcase name="getWeatherDetailsWithCorrectCityNameTest" time="3.885" classname="com.qa.tests.WeatherInfoTests"/>
  <testcase name="getWeatherDetailsWithCorrectCityNameTest" time="0.988" classname="com.qa.tests.WeatherInfoTests"/>
  <testcase name="getWeatherDetailsWithCorrectCityNameTest" time="1.243" classname="com.qa.tests.WeatherInfoTests"/>
</testsuite> <!-- Default test -->
