<?xml version="1.0" encoding="UTF-8"?>
<testng-results skipped="0" failed="0" ignored="0" total="3" passed="3">
  <reporter-output>
  </reporter-output>
  <suite name="Default suite" duration-ms="7052" started-at="2018-04-07T05:07:41Z" finished-at="2018-04-07T05:07:48Z">
    <groups>
    </groups>
    <test name="Default test" duration-ms="7052" started-at="2018-04-07T05:07:41Z" finished-at="2018-04-07T05:07:48Z">
      <class name="com.qa.tests.WeatherInfoTests">
        <test-method status="PASS" signature="setUp()[pri:0, instance:com.qa.tests.WeatherInfoTests@4c70fda8]" name="setUp" is-config="true" duration-ms="6" started-at="2018-04-07T10:37:42Z" finished-at="2018-04-07T10:37:42Z">
          <reporter-output>
          </reporter-output>
        </test-method> <!-- setUp -->
        <test-method status="PASS" signature="getWeatherDetailsWithCorrectCityNameTest(java.lang.String, java.lang.String, java.lang.String, java.lang.String, java.lang.String, java.lang.String, java.lang.String)[pri:0, instance:com.qa.tests.WeatherInfoTests@4c70fda8]" name="getWeatherDetailsWithCorrectCityNameTest" duration-ms="3885" started-at="2018-04-07T10:37:42Z" data-provider="getData" finished-at="2018-04-07T10:37:46Z">
          <params>
            <param index="0">
              <value>
                <![CDATA[Pune]]>
              </value>
            </param>
            <param index="1">
              <value>
                <![CDATA[GET]]>
              </value>
            </param>
            <param index="2">
              <value>
                <![CDATA[75 Percent]]>
              </value>
            </param>
            <param index="3">
              <value>
                <![CDATA[13.123 Degree celsius]]>
              </value>
            </param>
            <param index="4">
              <value>
                <![CDATA[clear sky]]>
              </value>
            </param>
            <param index="5">
              <value>
                <![CDATA[1.35 Km per hour]]>
              </value>
            </param>
            <param index="6">
              <value>
                <![CDATA[114.5 Degree]]>
              </value>
            </param>
          </params>
          <reporter-output>
          </reporter-output>
        </test-method> <!-- getWeatherDetailsWithCorrectCityNameTest -->
        <test-method status="PASS" signature="setUp()[pri:0, instance:com.qa.tests.WeatherInfoTests@4c70fda8]" name="setUp" is-config="true" duration-ms="1" started-at="2018-04-07T10:37:46Z" finished-at="2018-04-07T10:37:46Z">
          <reporter-output>
          </reporter-output>
        </test-method> <!-- setUp -->
        <test-method status="PASS" signature="getWeatherDetailsWithCorrectCityNameTest(java.lang.String, java.lang.String, java.lang.String, java.lang.String, java.lang.String, java.lang.String, java.lang.String)[pri:0, instance:com.qa.tests.WeatherInfoTests@4c70fda8]" name="getWeatherDetailsWithCorrectCityNameTest" duration-ms="988" started-at="2018-04-07T10:37:46Z" data-provider="getData" finished-at="2018-04-07T10:37:47Z">
          <params>
            <param index="0">
              <value>
                <![CDATA[Bangalore]]>
              </value>
            </param>
            <param index="1">
              <value>
                <![CDATA[GET]]>
              </value>
            </param>
            <param index="2">
              <value>
                <![CDATA[82 Percent]]>
              </value>
            </param>
            <param index="3">
              <value>
                <![CDATA[21.18 Degree celsius]]>
              </value>
            </param>
            <param index="4">
              <value>
                <![CDATA[few clouds]]>
              </value>
            </param>
            <param index="5">
              <value>
                <![CDATA[2.1 Km per hour]]>
              </value>
            </param>
            <param index="6">
              <value>
                <![CDATA[100 Degree]]>
              </value>
            </param>
          </params>
          <reporter-output>
          </reporter-output>
        </test-method> <!-- getWeatherDetailsWithCorrectCityNameTest -->
        <test-method status="PASS" signature="setUp()[pri:0, instance:com.qa.tests.WeatherInfoTests@4c70fda8]" name="setUp" is-config="true" duration-ms="1" started-at="2018-04-07T10:37:47Z" finished-at="2018-04-07T10:37:47Z">
          <reporter-output>
          </reporter-output>
        </test-method> <!-- setUp -->
        <test-method status="PASS" signature="getWeatherDetailsWithCorrectCityNameTest(java.lang.String, java.lang.String, java.lang.String, java.lang.String, java.lang.String, java.lang.String, java.lang.String)[pri:0, instance:com.qa.tests.WeatherInfoTests@4c70fda8]" name="getWeatherDetailsWithCorrectCityNameTest" duration-ms="1243" started-at="2018-04-07T10:37:47Z" data-provider="getData" finished-at="2018-04-07T10:37:48Z">
          <params>
            <param index="0">
              <value>
                <![CDATA[New Delhi]]>
              </value>
            </param>
            <param index="1">
              <value>
                <![CDATA[GET]]>
              </value>
            </param>
            <param index="2">
              <value>
                <![CDATA[82 Percent]]>
              </value>
            </param>
            <param index="3">
              <value>
                <![CDATA[21.18 Degree celsius]]>
              </value>
            </param>
            <param index="4">
              <value>
                <![CDATA[few clouds]]>
              </value>
            </param>
            <param index="5">
              <value>
                <![CDATA[2.1 Km per hour]]>
              </value>
            </param>
            <param index="6">
              <value>
                <![CDATA[100 Degree]]>
              </value>
            </param>
          </params>
          <reporter-output>
          </reporter-output>
        </test-method> <!-- getWeatherDetailsWithCorrectCityNameTest -->
      </class> <!-- com.qa.tests.WeatherInfoTests -->
    </test> <!-- Default test -->
  </suite> <!-- Default suite -->
</testng-results>
